# JRE version: OpenJDK Runtime Environment Temurin-11.0.13+8 (11.0.13+8) (build 11.0.13+8)
# Java VM: OpenJDK 64-Bit Server VM Temurin-11.0.13+8 (11.0.13+8, mixed mode, tiered, compressed oops, g1 gc, windows-amd64)
Heap:
 garbage-first heap   total 65536K, used 8350K [0x00000000c1e00000, 0x0000000100000000)
  region size 1024K, 2 young (2048K), 2 survivors (2048K)
 Metaspace       used 13729K, capacity 13948K, committed 14080K, reserved 1079296K
  class space    used 1336K, capacity 1434K, committed 1536K, reserved 1048576K
GC Heap History (6 events):
Event: 1.262 GC heap before
{Heap before GC invocations=0 (full 0):
 garbage-first heap   total 65536K, used 15360K [0x00000000c1e00000, 0x0000000100000000)
  region size 1024K, 14 young (14336K), 0 survivors (0K)
 Metaspace       used 12092K, capacity 12365K, committed 12672K, reserved 1060864K
  class space    used 1195K, capacity 1295K, committed 1408K, reserved 1048576K
}
Event: 1.270 GC heap after
{Heap after GC invocations=1 (full 0):
 garbage-first heap   total 65536K, used 7172K [0x00000000c1e00000, 0x0000000100000000)
  region size 1024K, 2 young (2048K), 2 survivors (2048K)
 Metaspace       used 12092K, capacity 12365K, committed 12672K, reserved 1060864K
  class space    used 1195K, capacity 1295K, committed 1408K, reserved 1048576K
}
Event: 1.812 GC heap before
{Heap before GC invocations=1 (full 0):
 garbage-first heap   total 65536K, used 12292K [0x00000000c1e00000, 0x0000000100000000)
  region size 1024K, 8 young (8192K), 2 survivors (2048K)
 Metaspace       used 13447K, capacity 13646K, committed 13696K, reserved 1071104K
  class space    used 1316K, capacity 1397K, committed 1408K, reserved 1048576K
}
Event: 1.820 GC heap after
{Heap after GC invocations=2 (full 0):
 garbage-first heap   total 65536K, used 8379K [0x00000000c1e00000, 0x0000000100000000)
  region size 1024K, 2 young (2048K), 2 survivors (2048K)
 Metaspace       used 13447K, capacity 13646K, committed 13696K, reserved 1071104K
  class space    used 1316K, capacity 1397K, committed 1408K, reserved 1048576K
}
Event: 1.861 GC heap before
{Heap before GC invocations=3 (full 0):
 garbage-first heap   total 65536K, used 8379K [0x00000000c1e00000, 0x0000000100000000)
  region size 1024K, 3 young (3072K), 2 survivors (2048K)
 Metaspace       used 13729K, capacity 13948K, committed 14080K, reserved 1077248K
  class space    used 1336K, capacity 1434K, committed 1536K, reserved 1048576K
}
Event: 1.864 GC heap after
{Heap after GC invocations=4 (full 0):
 garbage-first heap   total 65536K, used 8350K [0x00000000c1e00000, 0x0000000100000000)
  region size 1024K, 2 young (2048K), 2 survivors (2048K)
 Metaspace       used 13729K, capacity 13948K, committed 14080K, reserved 1077248K
  class space    used 1336K, capacity 1434K, committed 1536K, reserved 1048576K
}

